<?xml version="1.0" encoding="UTF-8"?>
<testng-results skipped="0" failed="0" total="3" passed="3">
  <reporter-output>
  </reporter-output>
  <suite name="Default suite" duration-ms="10409" started-at="2016-10-06T08:44:44Z" finished-at="2016-10-06T08:44:54Z">
    <groups>
    </groups>
    <test name="Default test" duration-ms="10409" started-at="2016-10-06T08:44:44Z" finished-at="2016-10-06T08:44:54Z">
      <class name="common.test.Assignment3">
        <test-method status="PASS" signature="setUp()[pri:0, instance:common.test.Assignment3@4f933fd1]" name="setUp" is-config="true" duration-ms="6272" started-at="2016-10-06T14:14:44Z" finished-at="2016-10-06T14:14:50Z">
          <reporter-output>
          </reporter-output>
        </test-method> <!-- setUp -->
        <test-method status="PASS" signature="openBrowser()[pri:0, instance:common.test.Assignment3@4f933fd1]" name="openBrowser" duration-ms="2741" started-at="2016-10-06T14:14:50Z" finished-at="2016-10-06T14:14:53Z">
          <reporter-output>
          </reporter-output>
        </test-method> <!-- openBrowser -->
        <test-method status="PASS" signature="testDateResult()[pri:0, instance:common.test.Assignment3@4f933fd1]" name="testDateResult" duration-ms="765" started-at="2016-10-06T14:14:53Z" depends-on-methods="common.test.Assignment3.openBrowser" finished-at="2016-10-06T14:14:53Z">
          <reporter-output>
          </reporter-output>
        </test-method> <!-- testDateResult -->
        <test-method status="PASS" signature="verifyResults()[pri:0, instance:common.test.Assignment3@4f933fd1]" name="verifyResults" duration-ms="32" started-at="2016-10-06T14:14:53Z" depends-on-methods="common.test.Assignment3.testDateResult" finished-at="2016-10-06T14:14:53Z">
          <reporter-output>
          </reporter-output>
        </test-method> <!-- verifyResults -->
        <test-method status="PASS" signature="cleanUp()[pri:0, instance:common.test.Assignment3@4f933fd1]" name="cleanUp" is-config="true" duration-ms="537" started-at="2016-10-06T14:14:53Z" finished-at="2016-10-06T14:14:54Z">
          <reporter-output>
          </reporter-output>
        </test-method> <!-- cleanUp -->
      </class> <!-- common.test.Assignment3 -->
    </test> <!-- Default test -->
  </suite> <!-- Default suite -->
</testng-results>
